

================================================================
== Vivado HLS Report for 'fir'
================================================================
* Date:           Wed Dec 13 21:58:56 2023

* Version:        2019.1 (Build 2552052 on Fri May 24 15:28:33 MDT 2019)
* Project:        Bit_Width_Optimization
* Solution:       solution1
* Product family: zynq
* Target device:  xc7z020-clg484-1


================================================================
== Performance Estimates
================================================================
+ Timing (ns): 
    * Summary: 
    +--------+-------+----------+------------+
    |  Clock | Target| Estimated| Uncertainty|
    +--------+-------+----------+------------+
    |ap_clk  |  10.00|     3.740|        1.25|
    +--------+-------+----------+------------+

+ Latency (clock cycles): 
    * Summary: 
    +-----+-----+-----+-----+---------+
    |  Latency  |  Interval | Pipeline|
    | min | max | min | max |   Type  |
    +-----+-----+-----+-----+---------+
    |    0|    0|    0|    0|   none  |
    +-----+-----+-----+-----+---------+

    + Detail: 
        * Instance: 
        N/A

        * Loop: 
        N/A



================================================================
== Utilization Estimates
================================================================
* Summary: 
+-----------------+---------+-------+--------+-------+-----+
|       Name      | BRAM_18K| DSP48E|   FF   |  LUT  | URAM|
+-----------------+---------+-------+--------+-------+-----+
|DSP              |        -|      -|       -|      -|    -|
|Expression       |        -|      0|       0|     26|    -|
|FIFO             |        -|      -|       -|      -|    -|
|Instance         |        -|      -|       -|      -|    -|
|Memory           |        -|      -|       -|      -|    -|
|Multiplexer      |        -|      -|       -|      -|    -|
|Register         |        -|      -|       -|      -|    -|
+-----------------+---------+-------+--------+-------+-----+
|Total            |        0|      0|       0|     26|    0|
+-----------------+---------+-------+--------+-------+-----+
|Available        |      280|    220|  106400|  53200|    0|
+-----------------+---------+-------+--------+-------+-----+
|Utilization (%)  |        0|      0|       0|   ~0  |    0|
+-----------------+---------+-------+--------+-------+-----+

+ Detail: 
    * Instance: 
    N/A

    * DSP48E: 
    N/A

    * Memory: 
    N/A

    * FIFO: 
    N/A

    * Expression: 
    +----------------+----------+-------+---+----+------------+------------+
    |  Variable Name | Operation| DSP48E| FF| LUT| Bitwidth P0| Bitwidth P1|
    +----------------+----------+-------+---+----+------------+------------+
    |ret_V_fu_33_p2  |     *    |      0|  0|  26|           3|           6|
    +----------------+----------+-------+---+----+------------+------------+
    |Total           |          |      0|  0|  26|           3|           6|
    +----------------+----------+-------+---+----+------------+------------+

    * Multiplexer: 
    N/A

    * Register: 
    N/A



================================================================
== Interface
================================================================
* Summary: 
+-----------------+-----+-----+------------+--------------+--------------+
|    RTL Ports    | Dir | Bits|  Protocol  | Source Object|    C Type    |
+-----------------+-----+-----+------------+--------------+--------------+
|ap_start         |  in |    1| ap_ctrl_hs |      fir     | return value |
|ap_done          | out |    1| ap_ctrl_hs |      fir     | return value |
|ap_idle          | out |    1| ap_ctrl_hs |      fir     | return value |
|ap_ready         | out |    1| ap_ctrl_hs |      fir     | return value |
|output_V         | out |   23|   ap_vld   |   output_V   |    pointer   |
|output_V_ap_vld  | out |    1|   ap_vld   |   output_V   |    pointer   |
|input_V          |  in |    3|   ap_none  |    input_V   |    scalar    |
+-----------------+-----+-----+------------+--------------+--------------+

