

================================================================
== Vivado HLS Report for 'fir'
================================================================
* Date:           Wed Dec 13 18:56:45 2023

* Version:        2019.1 (Build 2552052 on Fri May 24 15:28:33 MDT 2019)
* Project:        FIR_Filter_1
* Solution:       solution1
* Product family: zynq
* Target device:  xc7z020-clg484-1


================================================================
== Performance Estimates
================================================================
+ Timing (ns): 
    * Summary: 
    +--------+-------+----------+------------+
    |  Clock | Target| Estimated| Uncertainty|
    +--------+-------+----------+------------+
    |ap_clk  |  10.00|     8.510|        1.25|
    +--------+-------+----------+------------+

+ Latency (clock cycles): 
    * Summary: 
    +-----+-----+-----+-----+---------+
    |  Latency  |  Interval | Pipeline|
    | min | max | min | max |   Type  |
    +-----+-----+-----+-----+---------+
    |   23|   45|   23|   45|   none  |
    +-----+-----+-----+-----+---------+

    + Detail: 
        * Instance: 
        N/A

        * Loop: 
        +--------------------+-----+-----+----------+-----------+-----------+------+----------+
        |                    |  Latency  | Iteration|  Initiation Interval  | Trip |          |
        |      Loop Name     | min | max |  Latency |  achieved |   target  | Count| Pipelined|
        +--------------------+-----+-----+----------+-----------+-----------+------+----------+
        |- Shift_Accum_Loop  |   22|   44|   2 ~ 4  |          -|          -|    11|    no    |
        +--------------------+-----+-----+----------+-----------+-----------+------+----------+

============================================================
+ Verbose Summary: Synthesis Manager
============================================================
InlineROM: 1
ExposeGlobal: 0
============================================================
+ Verbose Summary: CDFG Model
============================================================
IsTopModel: 1
ResetActiveHigh: 1
IsCombinational: 0
IsDatapathOnly: 0
HasWiredReturn: 1
HasMFsm: 0
HasVarLatency: 1
IsPipeline: 0
IsRtlPipelined: 0
IsInstanceOverlapped: 0
IsDontTouch: 0
HasImplIP: 0
IsGatedGlobalClock: 0


============================================================
+ Verbose Summary: Schedule
============================================================
* Number of FSM states : 5
* Pipeline : 0
* Dataflow Pipeline: 0

* FSM state transitions: 
1 --> 2 
2 --> 3 5 
3 --> 4 
4 --> 5 
5 --> 2 

* FSM state operations: 

State 1 <SV = 0> <Delay = 8.51>
ST_1 : Operation 6 [1/1] (0.00ns)   --->   "call void (...)* @_ssdm_op_SpecBitsMap(i32* %output_r) nounwind, !map !7"   --->   Operation 6 'specbitsmap' <Predicate = true> <Delay = 0.00>
ST_1 : Operation 7 [1/1] (0.00ns)   --->   "call void (...)* @_ssdm_op_SpecBitsMap(i32 %input_r) nounwind, !map !13"   --->   Operation 7 'specbitsmap' <Predicate = true> <Delay = 0.00>
ST_1 : Operation 8 [1/1] (0.00ns)   --->   "call void (...)* @_ssdm_op_SpecTopModule([4 x i8]* @fir_str) nounwind"   --->   Operation 8 'spectopmodule' <Predicate = true> <Delay = 0.00>
ST_1 : Operation 9 [1/1] (0.00ns)   --->   "%input_read = call i32 @_ssdm_op_Read.ap_auto.i32(i32 %input_r) nounwind" [FIR_Filter_1/fir_no_optim.cpp:8]   --->   Operation 9 'read' 'input_read' <Predicate = true> <Delay = 0.00>
ST_1 : Operation 10 [1/1] (8.51ns)   --->   "%mul_ln19 = mul nsw i32 %input_read, 53" [FIR_Filter_1/fir_no_optim.cpp:19]   --->   Operation 10 'mul' 'mul_ln19' <Predicate = true> <Delay = 8.51> <Core = "Mul">   --->   Core 16 'Mul' <Latency = 0> <II = 1> <Delay = 8.51> <FuncUnit> <Opcode : 'mul'> <InPorts = 2> <OutPorts = 1>
ST_1 : Operation 11 [1/1] (1.76ns)   --->   "br label %1" [FIR_Filter_1/fir_no_optim.cpp:15]   --->   Operation 11 'br' <Predicate = true> <Delay = 1.76>

State 2 <SV = 1> <Delay = 4.10>
ST_2 : Operation 12 [1/1] (0.00ns)   --->   "%acc_0 = phi i32 [ 0, %0 ], [ %acc, %5 ]"   --->   Operation 12 'phi' 'acc_0' <Predicate = true> <Delay = 0.00>
ST_2 : Operation 13 [1/1] (0.00ns)   --->   "%i_0 = phi i5 [ 10, %0 ], [ %i, %5 ]"   --->   Operation 13 'phi' 'i_0' <Predicate = true> <Delay = 0.00>
ST_2 : Operation 14 [1/1] (0.00ns)   --->   "%sext_ln15 = sext i5 %i_0 to i32" [FIR_Filter_1/fir_no_optim.cpp:15]   --->   Operation 14 'sext' 'sext_ln15' <Predicate = true> <Delay = 0.00>
ST_2 : Operation 15 [1/1] (0.00ns)   --->   "%tmp = call i1 @_ssdm_op_BitSelect.i1.i5.i32(i5 %i_0, i32 4)" [FIR_Filter_1/fir_no_optim.cpp:15]   --->   Operation 15 'bitselect' 'tmp' <Predicate = true> <Delay = 0.00>
ST_2 : Operation 16 [1/1] (0.00ns)   --->   "%empty = call i32 (...)* @_ssdm_op_SpecLoopTripCount(i64 11, i64 11, i64 11) nounwind"   --->   Operation 16 'speclooptripcount' 'empty' <Predicate = true> <Delay = 0.00>
ST_2 : Operation 17 [1/1] (0.00ns)   --->   "br i1 %tmp, label %6, label %2" [FIR_Filter_1/fir_no_optim.cpp:15]   --->   Operation 17 'br' <Predicate = true> <Delay = 0.00>
ST_2 : Operation 18 [1/1] (0.00ns)   --->   "call void (...)* @_ssdm_op_SpecLoopName([17 x i8]* @p_str) nounwind" [FIR_Filter_1/fir_no_optim.cpp:16]   --->   Operation 18 'specloopname' <Predicate = (!tmp)> <Delay = 0.00>
ST_2 : Operation 19 [1/1] (1.36ns)   --->   "%icmp_ln17 = icmp eq i5 %i_0, 0" [FIR_Filter_1/fir_no_optim.cpp:17]   --->   Operation 19 'icmp' 'icmp_ln17' <Predicate = (!tmp)> <Delay = 1.36> <Core = "Cmp">   --->   Core 25 'Cmp' <Latency = 0> <II = 1> <Delay = 1.36> <FuncUnit> <Opcode : 'icmp'> <InPorts = 2> <OutPorts = 1>
ST_2 : Operation 20 [1/1] (0.00ns)   --->   "br i1 %icmp_ln17, label %3, label %4" [FIR_Filter_1/fir_no_optim.cpp:17]   --->   Operation 20 'br' <Predicate = (!tmp)> <Delay = 0.00>
ST_2 : Operation 21 [1/1] (1.78ns)   --->   "%add_ln25 = add i5 %i_0, -1" [FIR_Filter_1/fir_no_optim.cpp:25]   --->   Operation 21 'add' 'add_ln25' <Predicate = (!tmp & !icmp_ln17)> <Delay = 1.78> <Core = "AddSub">   --->   Core 14 'AddSub' <Latency = 0> <II = 1> <Delay = 1.78> <FuncUnit> <Opcode : 'add' 'sub'> <InPorts = 2> <OutPorts = 1>
ST_2 : Operation 22 [1/1] (0.00ns)   --->   "%zext_ln25 = zext i5 %add_ln25 to i64" [FIR_Filter_1/fir_no_optim.cpp:25]   --->   Operation 22 'zext' 'zext_ln25' <Predicate = (!tmp & !icmp_ln17)> <Delay = 0.00>
ST_2 : Operation 23 [1/1] (0.00ns)   --->   "%shift_reg_addr = getelementptr inbounds [11 x i32]* @shift_reg, i64 0, i64 %zext_ln25" [FIR_Filter_1/fir_no_optim.cpp:25]   --->   Operation 23 'getelementptr' 'shift_reg_addr' <Predicate = (!tmp & !icmp_ln17)> <Delay = 0.00>
ST_2 : Operation 24 [2/2] (2.32ns)   --->   "%shift_reg_load = load i32* %shift_reg_addr, align 4" [FIR_Filter_1/fir_no_optim.cpp:25]   --->   Operation 24 'load' 'shift_reg_load' <Predicate = (!tmp & !icmp_ln17)> <Delay = 2.32> <Core = "RAM">   --->   Core 37 'RAM' <Latency = 1> <II = 1> <Delay = 2.32> <Storage> <Opcode : 'load' 'store'> <Ports = 2> <Width = 32> <Depth = 11> <RAM>
ST_2 : Operation 25 [1/1] (0.00ns)   --->   "%zext_ln25_1 = zext i32 %sext_ln15 to i64" [FIR_Filter_1/fir_no_optim.cpp:25]   --->   Operation 25 'zext' 'zext_ln25_1' <Predicate = (!tmp & !icmp_ln17)> <Delay = 0.00>
ST_2 : Operation 26 [1/1] (0.00ns)   --->   "%c1_addr = getelementptr [11 x i10]* @c1, i64 0, i64 %zext_ln25_1" [FIR_Filter_1/fir_no_optim.cpp:26]   --->   Operation 26 'getelementptr' 'c1_addr' <Predicate = (!tmp & !icmp_ln17)> <Delay = 0.00>
ST_2 : Operation 27 [2/2] (3.25ns)   --->   "%c1_load = load i10* %c1_addr, align 2" [FIR_Filter_1/fir_no_optim.cpp:26]   --->   Operation 27 'load' 'c1_load' <Predicate = (!tmp & !icmp_ln17)> <Delay = 3.25> <Core = "ROM_nP">   --->   Core 52 'ROM_nP' <Latency = 1> <II = 1> <Delay = 3.25> <Storage> <Opcode : 'load'> <Ports = 0> <Width = 10> <Depth = 11> <ROM>
ST_2 : Operation 28 [1/1] (2.32ns)   --->   "store i32 %input_read, i32* getelementptr inbounds ([11 x i32]* @shift_reg, i64 0, i64 0), align 16" [FIR_Filter_1/fir_no_optim.cpp:20]   --->   Operation 28 'store' <Predicate = (!tmp & icmp_ln17)> <Delay = 2.32> <Core = "RAM">   --->   Core 37 'RAM' <Latency = 1> <II = 1> <Delay = 2.32> <Storage> <Opcode : 'load' 'store'> <Ports = 2> <Width = 32> <Depth = 11> <RAM>
ST_2 : Operation 29 [1/1] (1.76ns)   --->   "br label %5" [FIR_Filter_1/fir_no_optim.cpp:21]   --->   Operation 29 'br' <Predicate = (!tmp & icmp_ln17)> <Delay = 1.76>
ST_2 : Operation 30 [1/1] (0.00ns)   --->   "call void @_ssdm_op_Write.ap_auto.i32P(i32* %output_r, i32 %acc_0) nounwind" [FIR_Filter_1/fir_no_optim.cpp:30]   --->   Operation 30 'write' <Predicate = (tmp)> <Delay = 0.00>
ST_2 : Operation 31 [1/1] (0.00ns)   --->   "ret void" [FIR_Filter_1/fir_no_optim.cpp:31]   --->   Operation 31 'ret' <Predicate = (tmp)> <Delay = 0.00>

State 3 <SV = 2> <Delay = 4.64>
ST_3 : Operation 32 [1/2] (2.32ns)   --->   "%shift_reg_load = load i32* %shift_reg_addr, align 4" [FIR_Filter_1/fir_no_optim.cpp:25]   --->   Operation 32 'load' 'shift_reg_load' <Predicate = true> <Delay = 2.32> <Core = "RAM">   --->   Core 37 'RAM' <Latency = 1> <II = 1> <Delay = 2.32> <Storage> <Opcode : 'load' 'store'> <Ports = 2> <Width = 32> <Depth = 11> <RAM>
ST_3 : Operation 33 [1/1] (0.00ns)   --->   "%shift_reg_addr_1 = getelementptr inbounds [11 x i32]* @shift_reg, i64 0, i64 %zext_ln25_1" [FIR_Filter_1/fir_no_optim.cpp:25]   --->   Operation 33 'getelementptr' 'shift_reg_addr_1' <Predicate = true> <Delay = 0.00>
ST_3 : Operation 34 [1/1] (2.32ns)   --->   "store i32 %shift_reg_load, i32* %shift_reg_addr_1, align 4" [FIR_Filter_1/fir_no_optim.cpp:25]   --->   Operation 34 'store' <Predicate = true> <Delay = 2.32> <Core = "RAM">   --->   Core 37 'RAM' <Latency = 1> <II = 1> <Delay = 2.32> <Storage> <Opcode : 'load' 'store'> <Ports = 2> <Width = 32> <Depth = 11> <RAM>
ST_3 : Operation 35 [1/2] (3.25ns)   --->   "%c1_load = load i10* %c1_addr, align 2" [FIR_Filter_1/fir_no_optim.cpp:26]   --->   Operation 35 'load' 'c1_load' <Predicate = true> <Delay = 3.25> <Core = "ROM_nP">   --->   Core 52 'ROM_nP' <Latency = 1> <II = 1> <Delay = 3.25> <Storage> <Opcode : 'load'> <Ports = 0> <Width = 10> <Depth = 11> <ROM>

State 4 <SV = 3> <Delay = 8.51>
ST_4 : Operation 36 [1/1] (0.00ns)   --->   "%sext_ln26 = sext i10 %c1_load to i32" [FIR_Filter_1/fir_no_optim.cpp:26]   --->   Operation 36 'sext' 'sext_ln26' <Predicate = true> <Delay = 0.00>
ST_4 : Operation 37 [1/1] (8.51ns)   --->   "%mul_ln26 = mul nsw i32 %shift_reg_load, %sext_ln26" [FIR_Filter_1/fir_no_optim.cpp:26]   --->   Operation 37 'mul' 'mul_ln26' <Predicate = true> <Delay = 8.51> <Core = "Mul">   --->   Core 16 'Mul' <Latency = 0> <II = 1> <Delay = 8.51> <FuncUnit> <Opcode : 'mul'> <InPorts = 2> <OutPorts = 1>

State 5 <SV = 4> <Delay = 4.32>
ST_5 : Operation 38 [1/1] (1.76ns)   --->   "br label %5"   --->   Operation 38 'br' <Predicate = (!icmp_ln17)> <Delay = 1.76>
ST_5 : Operation 39 [1/1] (0.00ns) (grouped into LUT with out node acc)   --->   "%p_pn = phi i32 [ %mul_ln19, %3 ], [ %mul_ln26, %4 ]" [FIR_Filter_1/fir_no_optim.cpp:19]   --->   Operation 39 'phi' 'p_pn' <Predicate = true> <Delay = 0.00>
ST_5 : Operation 40 [1/1] (2.55ns) (out node of the LUT)   --->   "%acc = add nsw i32 %p_pn, %acc_0" [FIR_Filter_1/fir_no_optim.cpp:19]   --->   Operation 40 'add' 'acc' <Predicate = true> <Delay = 2.55> <Core = "AddSub">   --->   Core 14 'AddSub' <Latency = 0> <II = 1> <Delay = 1.78> <FuncUnit> <Opcode : 'add' 'sub'> <InPorts = 2> <OutPorts = 1>
ST_5 : Operation 41 [1/1] (1.78ns)   --->   "%i = add i5 %i_0, -1" [FIR_Filter_1/fir_no_optim.cpp:15]   --->   Operation 41 'add' 'i' <Predicate = true> <Delay = 1.78> <Core = "AddSub">   --->   Core 14 'AddSub' <Latency = 0> <II = 1> <Delay = 1.78> <FuncUnit> <Opcode : 'add' 'sub'> <InPorts = 2> <OutPorts = 1>
ST_5 : Operation 42 [1/1] (0.00ns)   --->   "br label %1" [FIR_Filter_1/fir_no_optim.cpp:15]   --->   Operation 42 'br' <Predicate = true> <Delay = 0.00>


============================================================
+ Verbose Summary: Timing violations
============================================================
Target clock period: 10ns, clock uncertainty: 1.25ns.

 <State 1>: 8.51ns
The critical path consists of the following:
	wire read on port 'input_r' (FIR_Filter_1/fir_no_optim.cpp:8) [8]  (0 ns)
	'mul' operation ('mul_ln19', FIR_Filter_1/fir_no_optim.cpp:19) [9]  (8.51 ns)

 <State 2>: 4.1ns
The critical path consists of the following:
	'phi' operation ('i') with incoming values : ('i', FIR_Filter_1/fir_no_optim.cpp:15) [13]  (0 ns)
	'add' operation ('add_ln25', FIR_Filter_1/fir_no_optim.cpp:25) [23]  (1.78 ns)
	'getelementptr' operation ('shift_reg_addr', FIR_Filter_1/fir_no_optim.cpp:25) [25]  (0 ns)
	'load' operation ('shift_reg_load', FIR_Filter_1/fir_no_optim.cpp:25) on array 'shift_reg' [26]  (2.32 ns)

 <State 3>: 4.64ns
The critical path consists of the following:
	'load' operation ('shift_reg_load', FIR_Filter_1/fir_no_optim.cpp:25) on array 'shift_reg' [26]  (2.32 ns)
	'store' operation ('store_ln25', FIR_Filter_1/fir_no_optim.cpp:25) of variable 'shift_reg_load', FIR_Filter_1/fir_no_optim.cpp:25 on array 'shift_reg' [29]  (2.32 ns)

 <State 4>: 8.51ns
The critical path consists of the following:
	'mul' operation ('mul_ln26', FIR_Filter_1/fir_no_optim.cpp:26) [33]  (8.51 ns)

 <State 5>: 4.32ns
The critical path consists of the following:
	multiplexor before 'phi' operation ('p_pn', FIR_Filter_1/fir_no_optim.cpp:19) with incoming values : ('mul_ln19', FIR_Filter_1/fir_no_optim.cpp:19) ('mul_ln26', FIR_Filter_1/fir_no_optim.cpp:26) [39]  (1.77 ns)
	'phi' operation ('p_pn', FIR_Filter_1/fir_no_optim.cpp:19) with incoming values : ('mul_ln19', FIR_Filter_1/fir_no_optim.cpp:19) ('mul_ln26', FIR_Filter_1/fir_no_optim.cpp:26) [39]  (0 ns)
	'add' operation ('acc', FIR_Filter_1/fir_no_optim.cpp:19) [40]  (2.55 ns)


============================================================
+ Verbose Summary: Binding
============================================================
N/A
* FSMD analyzer results:
  - Output states:
 - Input state : 
  - Chain level:
	State 1
	State 2
	State 3
	State 4
	State 5


============================================================
+ Verbose Summary: Datapath Resource usage 
============================================================
N/A
