

================================================================
== Vivado HLS Report for 'fir'
================================================================
* Date:           Wed Dec 13 19:36:08 2023

* Version:        2019.1 (Build 2552052 on Fri May 24 15:28:33 MDT 2019)
* Project:        Code_Hoisting
* Solution:       solution1
* Product family: zynq
* Target device:  xc7z020-clg484-1


================================================================
== Performance Estimates
================================================================
+ Timing (ns): 
    * Summary: 
    +--------+-------+----------+------------+
    |  Clock | Target| Estimated| Uncertainty|
    +--------+-------+----------+------------+
    |ap_clk  |  10.00|     8.510|        1.25|
    +--------+-------+----------+------------+

+ Latency (clock cycles): 
    * Summary: 
    +-----+-----+-----+-----+---------+
    |  Latency  |  Interval | Pipeline|
    | min | max | min | max |   Type  |
    +-----+-----+-----+-----+---------+
    |   22|   22|   22|   22|   none  |
    +-----+-----+-----+-----+---------+

    + Detail: 
        * Instance: 
        N/A

        * Loop: 
        +----------+-----+-----+----------+-----------+-----------+------+----------+
        |          |  Latency  | Iteration|  Initiation Interval  | Trip |          |
        | Loop Name| min | max |  Latency |  achieved |   target  | Count| Pipelined|
        +----------+-----+-----+----------+-----------+-----------+------+----------+
        |- Loop 1  |   20|   20|         4|          -|          -|     5|    no    |
        +----------+-----+-----+----------+-----------+-----------+------+----------+

============================================================
+ Verbose Summary: Synthesis Manager
============================================================
InlineROM: 1
ExposeGlobal: 0
============================================================
+ Verbose Summary: CDFG Model
============================================================
IsTopModel: 1
ResetActiveHigh: 1
IsCombinational: 0
IsDatapathOnly: 0
HasWiredReturn: 1
HasMFsm: 0
HasVarLatency: 1
IsPipeline: 0
IsRtlPipelined: 0
IsInstanceOverlapped: 0
IsDontTouch: 0
HasImplIP: 0
IsGatedGlobalClock: 0


============================================================
+ Verbose Summary: Schedule
============================================================
* Number of FSM states : 6
* Pipeline : 0
* Dataflow Pipeline: 0

* FSM state transitions: 
1 --> 2 
2 --> 3 6 
3 --> 4 
4 --> 5 
5 --> 2 
6 --> 

* FSM state operations: 

State 1 <SV = 0> <Delay = 1.76>
ST_1 : Operation 7 [1/1] (0.00ns)   --->   "call void (...)* @_ssdm_op_SpecBitsMap(i32* %output_r) nounwind, !map !7"   --->   Operation 7 'specbitsmap' <Predicate = true> <Delay = 0.00>
ST_1 : Operation 8 [1/1] (0.00ns)   --->   "call void (...)* @_ssdm_op_SpecBitsMap(i32 %input_r) nounwind, !map !13"   --->   Operation 8 'specbitsmap' <Predicate = true> <Delay = 0.00>
ST_1 : Operation 9 [1/1] (0.00ns)   --->   "call void (...)* @_ssdm_op_SpecTopModule([4 x i8]* @fir_str) nounwind"   --->   Operation 9 'spectopmodule' <Predicate = true> <Delay = 0.00>
ST_1 : Operation 10 [1/1] (0.00ns)   --->   "%input_read = call i32 @_ssdm_op_Read.ap_auto.i32(i32 %input_r) nounwind" [Code_Hoisting/top.cpp:9]   --->   Operation 10 'read' 'input_read' <Predicate = true> <Delay = 0.00>
ST_1 : Operation 11 [1/1] (1.76ns)   --->   "br label %1" [Code_Hoisting/top.cpp:16]   --->   Operation 11 'br' <Predicate = true> <Delay = 1.76>

State 2 <SV = 1> <Delay = 8.51>
ST_2 : Operation 12 [1/1] (0.00ns)   --->   "%acc_0 = phi i32 [ 0, %0 ], [ %acc, %2 ]"   --->   Operation 12 'phi' 'acc_0' <Predicate = true> <Delay = 0.00>
ST_2 : Operation 13 [1/1] (0.00ns)   --->   "%i_0 = phi i3 [ -3, %0 ], [ %i, %2 ]"   --->   Operation 13 'phi' 'i_0' <Predicate = true> <Delay = 0.00>
ST_2 : Operation 14 [1/1] (1.13ns)   --->   "%icmp_ln16 = icmp eq i3 %i_0, 0" [Code_Hoisting/top.cpp:16]   --->   Operation 14 'icmp' 'icmp_ln16' <Predicate = true> <Delay = 1.13> <Core = "Cmp">   --->   Core 25 'Cmp' <Latency = 0> <II = 1> <Delay = 1.13> <FuncUnit> <Opcode : 'icmp'> <InPorts = 2> <OutPorts = 1>
ST_2 : Operation 15 [1/1] (0.00ns)   --->   "%empty = call i32 (...)* @_ssdm_op_SpecLoopTripCount(i64 5, i64 5, i64 5) nounwind"   --->   Operation 15 'speclooptripcount' 'empty' <Predicate = true> <Delay = 0.00>
ST_2 : Operation 16 [1/1] (0.00ns)   --->   "br i1 %icmp_ln16, label %3, label %2" [Code_Hoisting/top.cpp:16]   --->   Operation 16 'br' <Predicate = true> <Delay = 0.00>
ST_2 : Operation 17 [1/1] (1.65ns)   --->   "%i = add i3 %i_0, -1" [Code_Hoisting/top.cpp:18]   --->   Operation 17 'add' 'i' <Predicate = (!icmp_ln16)> <Delay = 1.65> <Core = "AddSub">   --->   Core 14 'AddSub' <Latency = 0> <II = 1> <Delay = 2.55> <FuncUnit> <Opcode : 'add' 'sub'> <InPorts = 2> <OutPorts = 1>
ST_2 : Operation 18 [1/1] (0.00ns)   --->   "%zext_ln18 = zext i3 %i to i64" [Code_Hoisting/top.cpp:18]   --->   Operation 18 'zext' 'zext_ln18' <Predicate = (!icmp_ln16)> <Delay = 0.00>
ST_2 : Operation 19 [1/1] (0.00ns)   --->   "%shift_reg_addr = getelementptr inbounds [6 x i32]* @shift_reg, i64 0, i64 %zext_ln18" [Code_Hoisting/top.cpp:18]   --->   Operation 19 'getelementptr' 'shift_reg_addr' <Predicate = (!icmp_ln16)> <Delay = 0.00>
ST_2 : Operation 20 [2/2] (2.32ns)   --->   "%shift_reg_load = load i32* %shift_reg_addr, align 4" [Code_Hoisting/top.cpp:18]   --->   Operation 20 'load' 'shift_reg_load' <Predicate = (!icmp_ln16)> <Delay = 2.32> <Core = "RAM">   --->   Core 37 'RAM' <Latency = 1> <II = 1> <Delay = 2.32> <Storage> <Opcode : 'load' 'store'> <Ports = 2> <Width = 32> <Depth = 6> <RAM>
ST_2 : Operation 21 [1/1] (0.00ns)   --->   "%zext_ln18_1 = zext i3 %i_0 to i64" [Code_Hoisting/top.cpp:18]   --->   Operation 21 'zext' 'zext_ln18_1' <Predicate = (!icmp_ln16)> <Delay = 0.00>
ST_2 : Operation 22 [1/1] (0.00ns)   --->   "%c1_addr = getelementptr [6 x i10]* @c1, i64 0, i64 %zext_ln18_1" [Code_Hoisting/top.cpp:19]   --->   Operation 22 'getelementptr' 'c1_addr' <Predicate = (!icmp_ln16)> <Delay = 0.00>
ST_2 : Operation 23 [2/2] (3.25ns)   --->   "%c1_load = load i10* %c1_addr, align 2" [Code_Hoisting/top.cpp:19]   --->   Operation 23 'load' 'c1_load' <Predicate = (!icmp_ln16)> <Delay = 3.25> <Core = "ROM_nP">   --->   Core 52 'ROM_nP' <Latency = 1> <II = 1> <Delay = 3.25> <Storage> <Opcode : 'load'> <Ports = 0> <Width = 10> <Depth = 6> <ROM>
ST_2 : Operation 24 [1/1] (8.51ns)   --->   "%mul_ln22 = mul nsw i32 %input_read, 53" [Code_Hoisting/top.cpp:22]   --->   Operation 24 'mul' 'mul_ln22' <Predicate = (icmp_ln16)> <Delay = 8.51> <Core = "Mul">   --->   Core 16 'Mul' <Latency = 0> <II = 1> <Delay = 8.51> <FuncUnit> <Opcode : 'mul'> <InPorts = 2> <OutPorts = 1>
ST_2 : Operation 25 [1/1] (2.32ns)   --->   "store i32 %input_read, i32* getelementptr inbounds ([6 x i32]* @shift_reg, i64 0, i64 0), align 16" [Code_Hoisting/top.cpp:23]   --->   Operation 25 'store' <Predicate = (icmp_ln16)> <Delay = 2.32> <Core = "RAM">   --->   Core 37 'RAM' <Latency = 1> <II = 1> <Delay = 2.32> <Storage> <Opcode : 'load' 'store'> <Ports = 2> <Width = 32> <Depth = 6> <RAM>

State 3 <SV = 2> <Delay = 4.64>
ST_3 : Operation 26 [1/2] (2.32ns)   --->   "%shift_reg_load = load i32* %shift_reg_addr, align 4" [Code_Hoisting/top.cpp:18]   --->   Operation 26 'load' 'shift_reg_load' <Predicate = true> <Delay = 2.32> <Core = "RAM">   --->   Core 37 'RAM' <Latency = 1> <II = 1> <Delay = 2.32> <Storage> <Opcode : 'load' 'store'> <Ports = 2> <Width = 32> <Depth = 6> <RAM>
ST_3 : Operation 27 [1/1] (0.00ns)   --->   "%shift_reg_addr_1 = getelementptr inbounds [6 x i32]* @shift_reg, i64 0, i64 %zext_ln18_1" [Code_Hoisting/top.cpp:18]   --->   Operation 27 'getelementptr' 'shift_reg_addr_1' <Predicate = true> <Delay = 0.00>
ST_3 : Operation 28 [1/1] (2.32ns)   --->   "store i32 %shift_reg_load, i32* %shift_reg_addr_1, align 4" [Code_Hoisting/top.cpp:18]   --->   Operation 28 'store' <Predicate = true> <Delay = 2.32> <Core = "RAM">   --->   Core 37 'RAM' <Latency = 1> <II = 1> <Delay = 2.32> <Storage> <Opcode : 'load' 'store'> <Ports = 2> <Width = 32> <Depth = 6> <RAM>
ST_3 : Operation 29 [1/2] (3.25ns)   --->   "%c1_load = load i10* %c1_addr, align 2" [Code_Hoisting/top.cpp:19]   --->   Operation 29 'load' 'c1_load' <Predicate = true> <Delay = 3.25> <Core = "ROM_nP">   --->   Core 52 'ROM_nP' <Latency = 1> <II = 1> <Delay = 3.25> <Storage> <Opcode : 'load'> <Ports = 0> <Width = 10> <Depth = 6> <ROM>

State 4 <SV = 3> <Delay = 8.51>
ST_4 : Operation 30 [1/1] (0.00ns)   --->   "%sext_ln19 = sext i10 %c1_load to i32" [Code_Hoisting/top.cpp:19]   --->   Operation 30 'sext' 'sext_ln19' <Predicate = true> <Delay = 0.00>
ST_4 : Operation 31 [1/1] (8.51ns)   --->   "%mul_ln19 = mul nsw i32 %shift_reg_load, %sext_ln19" [Code_Hoisting/top.cpp:19]   --->   Operation 31 'mul' 'mul_ln19' <Predicate = true> <Delay = 8.51> <Core = "Mul">   --->   Core 16 'Mul' <Latency = 0> <II = 1> <Delay = 8.51> <FuncUnit> <Opcode : 'mul'> <InPorts = 2> <OutPorts = 1>

State 5 <SV = 4> <Delay = 2.55>
ST_5 : Operation 32 [1/1] (2.55ns)   --->   "%acc = add nsw i32 %mul_ln19, %acc_0" [Code_Hoisting/top.cpp:19]   --->   Operation 32 'add' 'acc' <Predicate = true> <Delay = 2.55> <Core = "AddSub">   --->   Core 14 'AddSub' <Latency = 0> <II = 1> <Delay = 2.55> <FuncUnit> <Opcode : 'add' 'sub'> <InPorts = 2> <OutPorts = 1>
ST_5 : Operation 33 [1/1] (0.00ns)   --->   "br label %1" [Code_Hoisting/top.cpp:16]   --->   Operation 33 'br' <Predicate = true> <Delay = 0.00>

State 6 <SV = 2> <Delay = 2.55>
ST_6 : Operation 34 [1/1] (2.55ns)   --->   "%acc_1 = add nsw i32 %acc_0, %mul_ln22" [Code_Hoisting/top.cpp:22]   --->   Operation 34 'add' 'acc_1' <Predicate = true> <Delay = 2.55> <Core = "AddSub">   --->   Core 14 'AddSub' <Latency = 0> <II = 1> <Delay = 2.55> <FuncUnit> <Opcode : 'add' 'sub'> <InPorts = 2> <OutPorts = 1>
ST_6 : Operation 35 [1/1] (0.00ns)   --->   "call void @_ssdm_op_Write.ap_auto.i32P(i32* %output_r, i32 %acc_1) nounwind" [Code_Hoisting/top.cpp:25]   --->   Operation 35 'write' <Predicate = true> <Delay = 0.00>
ST_6 : Operation 36 [1/1] (0.00ns)   --->   "ret void" [Code_Hoisting/top.cpp:26]   --->   Operation 36 'ret' <Predicate = true> <Delay = 0.00>


============================================================
+ Verbose Summary: Binding
============================================================
STG Binding: 
---------------- STG Properties BEGIN ----------------
- Is combinational: 0
- Is one-state seq: 0
- Is datapath-only: 0
- Is pipelined: 0
- Is top level: 1
Port [ Return ] is wired: 1; IO mode=ap_ctrl_hs:ce=0
Port [ output_r]:  wired=1; compound=0; hidden=0; nouse=0; global=0; static=0; extern=0; dir=1; type=0; pingpong=0; private_global=0; IO mode=ap_vld:ce=0
Port [ input_r]:  wired=1; compound=0; hidden=0; nouse=0; global=0; static=0; extern=0; dir=0; type=0; pingpong=0; private_global=0; IO mode=ap_none:ce=0
Port [ shift_reg]:  wired=0; compound=1; hidden=1; nouse=0; global=1; static=1; extern=0; dir=2; type=1; pingpong=0; private_global=1; linkage=7; visibility=0; MemPort=[23]; IO mode=ap_memory:ce=0
Port [ c1]:  wired=0; compound=1; hidden=1; nouse=0; global=1; static=1; extern=0; dir=0; type=1; pingpong=0; private_global=1; linkage=7; visibility=0; MemPort=[1]; IO mode=ap_memory:ce=0
---------------- STG Properties END ------------------

---------------- Datapath Model BEGIN ----------------

<LifeTime>
<method=bitvector/>
specbitsmap_ln0   (specbitsmap      ) [ 0000000]
specbitsmap_ln0   (specbitsmap      ) [ 0000000]
spectopmodule_ln0 (spectopmodule    ) [ 0000000]
input_read        (read             ) [ 0011110]
br_ln16           (br               ) [ 0111110]
acc_0             (phi              ) [ 0011111]
i_0               (phi              ) [ 0010000]
icmp_ln16         (icmp             ) [ 0011110]
empty             (speclooptripcount) [ 0000000]
br_ln16           (br               ) [ 0000000]
i                 (add              ) [ 0111110]
zext_ln18         (zext             ) [ 0000000]
shift_reg_addr    (getelementptr    ) [ 0001000]
zext_ln18_1       (zext             ) [ 0001000]
c1_addr           (getelementptr    ) [ 0001000]
mul_ln22          (mul              ) [ 0000001]
store_ln23        (store            ) [ 0000000]
shift_reg_load    (load             ) [ 0000100]
shift_reg_addr_1  (getelementptr    ) [ 0000000]
store_ln18        (store            ) [ 0000000]
c1_load           (load             ) [ 0000100]
sext_ln19         (sext             ) [ 0000000]
mul_ln19          (mul              ) [ 0000010]
acc               (add              ) [ 0111110]
br_ln16           (br               ) [ 0111110]
acc_1             (add              ) [ 0000000]
write_ln25        (write            ) [ 0000000]
ret_ln26          (ret              ) [ 0000000]
</LifeTime>

<model>

<comp_list>
<comp id="0" class="1000" name="output_r">
<pin_list>
<pin id="1" dir="1" index="0" bw="1" slack="0"/>
</pin_list>
<bind>
<StgValue><ssdm name="output_r"/></StgValue>
</bind>
</comp>

<comp id="2" class="1000" name="input_r">
<pin_list>
<pin id="3" dir="1" index="0" bw="1" slack="0"/>
</pin_list>
<bind>
<StgValue><ssdm name="input_r"/></StgValue>
</bind>
</comp>

<comp id="4" class="1000" name="shift_reg">
<pin_list>
<pin id="5" dir="1" index="0" bw="1" slack="0"/>
</pin_list>
<bind>
<StgValue><ssdm name="shift_reg"/><MemPortTyVec>2 3 </MemPortTyVec>
</StgValue>
</bind>
</comp>

<comp id="6" class="1000" name="c1">
<pin_list>
<pin id="7" dir="1" index="0" bw="1" slack="0"/>
</pin_list>
<bind>
<StgValue><ssdm name="c1"/><MemPortTyVec>1 </MemPortTyVec>
</StgValue>
</bind>
</comp>

<comp id="8" class="1001" name="const_8">
<pin_list>
<pin id="9" dir="1" index="0" bw="1" slack="2147483647"/>
</pin_list>
<bind>
<StgValue><ssdm name="_ssdm_op_SpecBitsMap"/></StgValue>
</bind>
</comp>

<comp id="10" class="1001" name="const_10">
<pin_list>
<pin id="11" dir="1" index="0" bw="1" slack="2147483647"/>
</pin_list>
<bind>
<StgValue><ssdm name="_ssdm_op_SpecTopModule"/></StgValue>
</bind>
</comp>

<comp id="12" class="1001" name="const_12">
<pin_list>
<pin id="13" dir="1" index="0" bw="1" slack="2147483647"/>
</pin_list>
<bind>
<StgValue><ssdm name="fir_str"/></StgValue>
</bind>
</comp>

<comp id="14" class="1001" name="const_14">
<pin_list>
<pin id="15" dir="1" index="0" bw="1" slack="0"/>
</pin_list>
<bind>
<StgValue><ssdm name="_ssdm_op_Read.ap_auto.i32"/></StgValue>
</bind>
</comp>

<comp id="16" class="1001" name="const_16">
<pin_list>
<pin id="17" dir="1" index="0" bw="1" slack="1"/>
</pin_list>
<bind>
<StgValue><ssdm name=""/></StgValue>
</bind>
</comp>

<comp id="18" class="1001" name="const_18">
<pin_list>
<pin id="19" dir="1" index="0" bw="1" slack="1"/>
</pin_list>
<bind>
<StgValue><ssdm name=""/></StgValue>
</bind>
</comp>

<comp id="20" class="1001" name="const_20">
<pin_list>
<pin id="21" dir="1" index="0" bw="1" slack="0"/>
</pin_list>
<bind>
<StgValue><ssdm name=""/></StgValue>
</bind>
</comp>

<comp id="22" class="1001" name="const_22">
<pin_list>
<pin id="23" dir="1" index="0" bw="1" slack="2147483647"/>
</pin_list>
<bind>
<StgValue><ssdm name="_ssdm_op_SpecLoopTripCount"/></StgValue>
</bind>
</comp>

<comp id="24" class="1001" name="const_24">
<pin_list>
<pin id="25" dir="1" index="0" bw="1" slack="2147483647"/>
</pin_list>
<bind>
<StgValue><ssdm name=""/></StgValue>
</bind>
</comp>

<comp id="26" class="1001" name="const_26">
<pin_list>
<pin id="27" dir="1" index="0" bw="1" slack="0"/>
</pin_list>
<bind>
<StgValue><ssdm name=""/></StgValue>
</bind>
</comp>

<comp id="28" class="1001" name="const_28">
<pin_list>
<pin id="29" dir="1" index="0" bw="1" slack="0"/>
</pin_list>
<bind>
<StgValue><ssdm name=""/></StgValue>
</bind>
</comp>

<comp id="30" class="1001" name="const_30">
<pin_list>
<pin id="31" dir="1" index="0" bw="1" slack="0"/>
</pin_list>
<bind>
<StgValue><ssdm name=""/></StgValue>
</bind>
</comp>

<comp id="32" class="1001" name="const_32">
<pin_list>
<pin id="33" dir="1" index="0" bw="1" slack="0"/>
</pin_list>
<bind>
<StgValue><ssdm name=""/></StgValue>
</bind>
</comp>

<comp id="34" class="1001" name="const_34">
<pin_list>
<pin id="35" dir="1" index="0" bw="1" slack="0"/>
</pin_list>
<bind>
<StgValue><ssdm name="_ssdm_op_Write.ap_auto.i32P"/></StgValue>
</bind>
</comp>

<comp id="36" class="1004" name="input_read_read_fu_36">
<pin_list>
<pin id="37" dir="0" index="0" bw="32" slack="0"/>
<pin id="38" dir="0" index="1" bw="32" slack="0"/>
<pin id="39" dir="1" index="2" bw="32" slack="1"/>
</pin_list>
<bind>
<opcode="read(1150) " fcode="read"/>
<opset="input_read/1 "/>
</bind>
</comp>

<comp id="42" class="1004" name="write_ln25_write_fu_42">
<pin_list>
<pin id="43" dir="0" index="0" bw="0" slack="0"/>
<pin id="44" dir="0" index="1" bw="32" slack="0"/>
<pin id="45" dir="0" index="2" bw="32" slack="0"/>
<pin id="46" dir="1" index="3" bw="0" slack="2147483647"/>
</pin_list>
<bind>
<opcode="write(1151) " fcode="write"/>
<opset="write_ln25/6 "/>
</bind>
</comp>

<comp id="49" class="1004" name="shift_reg_addr_gep_fu_49">
<pin_list>
<pin id="50" dir="0" index="0" bw="32" slack="0"/>
<pin id="51" dir="0" index="1" bw="1" slack="0"/>
<pin id="52" dir="0" index="2" bw="3" slack="0"/>
<pin id="53" dir="1" index="3" bw="3" slack="0"/>
</pin_list>
<bind>
<opcode="getelementptr(29) " fcode="getelementptr"/>
<opset="shift_reg_addr/2 "/>
</bind>
</comp>

<comp id="56" class="1004" name="grp_access_fu_56">
<pin_list>
<pin id="57" dir="0" index="0" bw="3" slack="0"/>
<pin id="58" dir="0" index="1" bw="32" slack="0"/>
<pin id="59" dir="0" index="2" bw="0" slack="2147483647"/>
<pin id="60" dir="1" index="3" bw="32" slack="0"/>
</pin_list>
<bind>
<opcode="load(27) store(28) " fcode="store"/>
<opset="shift_reg_load/2 store_ln23/2 store_ln18/3 "/>
</bind>
</comp>

<comp id="62" class="1004" name="c1_addr_gep_fu_62">
<pin_list>
<pin id="63" dir="0" index="0" bw="10" slack="0"/>
<pin id="64" dir="0" index="1" bw="1" slack="0"/>
<pin id="65" dir="0" index="2" bw="3" slack="0"/>
<pin id="66" dir="1" index="3" bw="3" slack="0"/>
</pin_list>
<bind>
<opcode="getelementptr(29) " fcode="getelementptr"/>
<opset="c1_addr/2 "/>
</bind>
</comp>

<comp id="69" class="1004" name="grp_access_fu_69">
<pin_list>
<pin id="70" dir="0" index="0" bw="3" slack="0"/>
<pin id="71" dir="0" index="1" bw="10" slack="2147483647"/>
<pin id="72" dir="0" index="2" bw="0" slack="2147483647"/>
<pin id="73" dir="1" index="3" bw="10" slack="1"/>
</pin_list>
<bind>
<opcode="load(27) " fcode="load"/>
<opset="c1_load/2 "/>
</bind>
</comp>

<comp id="76" class="1004" name="shift_reg_addr_1_gep_fu_76">
<pin_list>
<pin id="77" dir="0" index="0" bw="32" slack="0"/>
<pin id="78" dir="0" index="1" bw="1" slack="0"/>
<pin id="79" dir="0" index="2" bw="3" slack="1"/>
<pin id="80" dir="1" index="3" bw="3" slack="0"/>
</pin_list>
<bind>
<opcode="getelementptr(29) " fcode="getelementptr"/>
<opset="shift_reg_addr_1/3 "/>
</bind>
</comp>

<comp id="85" class="1005" name="acc_0_reg_85">
<pin_list>
<pin id="86" dir="0" index="0" bw="32" slack="1"/>
<pin id="87" dir="1" index="1" bw="32" slack="1"/>
</pin_list>
<bind>
<opset="acc_0 (phireg) "/>
</bind>
</comp>

<comp id="89" class="1004" name="acc_0_phi_fu_89">
<pin_list>
<pin id="90" dir="0" index="0" bw="1" slack="1"/>
<pin id="91" dir="0" index="1" bw="0" slack="2147483647"/>
<pin id="92" dir="0" index="2" bw="32" slack="1"/>
<pin id="93" dir="0" index="3" bw="0" slack="2147483647"/>
<pin id="94" dir="1" index="4" bw="32" slack="1"/>
</pin_list>
<bind>
<opcode="phi(47) " fcode="phi"/>
<opset="acc_0/2 "/>
</bind>
</comp>

<comp id="97" class="1005" name="i_0_reg_97">
<pin_list>
<pin id="98" dir="0" index="0" bw="3" slack="1"/>
<pin id="99" dir="1" index="1" bw="3" slack="1"/>
</pin_list>
<bind>
<opset="i_0 (phireg) "/>
</bind>
</comp>

<comp id="101" class="1004" name="i_0_phi_fu_101">
<pin_list>
<pin id="102" dir="0" index="0" bw="3" slack="1"/>
<pin id="103" dir="0" index="1" bw="0" slack="2147483647"/>
<pin id="104" dir="0" index="2" bw="3" slack="0"/>
<pin id="105" dir="0" index="3" bw="0" slack="2147483647"/>
<pin id="106" dir="1" index="4" bw="3" slack="0"/>
</pin_list>
<bind>
<opcode="phi(47) " fcode="phi"/>
<opset="i_0/2 "/>
</bind>
</comp>

<comp id="108" class="1004" name="icmp_ln16_fu_108">
<pin_list>
<pin id="109" dir="0" index="0" bw="3" slack="0"/>
<pin id="110" dir="0" index="1" bw="1" slack="0"/>
<pin id="111" dir="1" index="2" bw="1" slack="2147483647"/>
</pin_list>
<bind>
<opcode="icmp(45) " fcode="icmp"/>
<opset="icmp_ln16/2 "/>
</bind>
</comp>

<comp id="114" class="1004" name="i_fu_114">
<pin_list>
<pin id="115" dir="0" index="0" bw="3" slack="0"/>
<pin id="116" dir="0" index="1" bw="1" slack="0"/>
<pin id="117" dir="1" index="2" bw="3" slack="0"/>
</pin_list>
<bind>
<opcode="add(8) " fcode="add"/>
<opset="i/2 "/>
</bind>
</comp>

<comp id="120" class="1004" name="zext_ln18_fu_120">
<pin_list>
<pin id="121" dir="0" index="0" bw="3" slack="0"/>
<pin id="122" dir="1" index="1" bw="64" slack="0"/>
</pin_list>
<bind>
<opcode="zext(34) " fcode="zext"/>
<opset="zext_ln18/2 "/>
</bind>
</comp>

<comp id="125" class="1004" name="zext_ln18_1_fu_125">
<pin_list>
<pin id="126" dir="0" index="0" bw="3" slack="0"/>
<pin id="127" dir="1" index="1" bw="64" slack="0"/>
</pin_list>
<bind>
<opcode="zext(34) " fcode="zext"/>
<opset="zext_ln18_1/2 "/>
</bind>
</comp>

<comp id="130" class="1004" name="mul_ln22_fu_130">
<pin_list>
<pin id="131" dir="0" index="0" bw="32" slack="1"/>
<pin id="132" dir="0" index="1" bw="7" slack="0"/>
<pin id="133" dir="1" index="2" bw="32" slack="1"/>
</pin_list>
<bind>
<opcode="mul(12) " fcode="mul"/>
<opset="mul_ln22/2 "/>
</bind>
</comp>

<comp id="135" class="1004" name="sext_ln19_fu_135">
<pin_list>
<pin id="136" dir="0" index="0" bw="10" slack="1"/>
<pin id="137" dir="1" index="1" bw="32" slack="0"/>
</pin_list>
<bind>
<opcode="sext(35) " fcode="sext"/>
<opset="sext_ln19/4 "/>
</bind>
</comp>

<comp id="138" class="1004" name="mul_ln19_fu_138">
<pin_list>
<pin id="139" dir="0" index="0" bw="32" slack="1"/>
<pin id="140" dir="0" index="1" bw="10" slack="0"/>
<pin id="141" dir="1" index="2" bw="32" slack="1"/>
</pin_list>
<bind>
<opcode="mul(12) " fcode="mul"/>
<opset="mul_ln19/4 "/>
</bind>
</comp>

<comp id="143" class="1004" name="acc_fu_143">
<pin_list>
<pin id="144" dir="0" index="0" bw="32" slack="1"/>
<pin id="145" dir="0" index="1" bw="32" slack="3"/>
<pin id="146" dir="1" index="2" bw="32" slack="1"/>
</pin_list>
<bind>
<opcode="add(8) " fcode="add"/>
<opset="acc/5 "/>
</bind>
</comp>

<comp id="148" class="1004" name="acc_1_fu_148">
<pin_list>
<pin id="149" dir="0" index="0" bw="32" slack="1"/>
<pin id="150" dir="0" index="1" bw="32" slack="1"/>
<pin id="151" dir="1" index="2" bw="32" slack="0"/>
</pin_list>
<bind>
<opcode="add(8) " fcode="add"/>
<opset="acc_1/6 "/>
</bind>
</comp>

<comp id="154" class="1005" name="input_read_reg_154">
<pin_list>
<pin id="155" dir="0" index="0" bw="32" slack="1"/>
<pin id="156" dir="1" index="1" bw="32" slack="1"/>
</pin_list>
<bind>
<opset="input_read "/>
</bind>
</comp>

<comp id="163" class="1005" name="i_reg_163">
<pin_list>
<pin id="164" dir="0" index="0" bw="3" slack="0"/>
<pin id="165" dir="1" index="1" bw="3" slack="0"/>
</pin_list>
<bind>
<opset="i "/>
</bind>
</comp>

<comp id="168" class="1005" name="shift_reg_addr_reg_168">
<pin_list>
<pin id="169" dir="0" index="0" bw="3" slack="1"/>
<pin id="170" dir="1" index="1" bw="3" slack="1"/>
</pin_list>
<bind>
<opset="shift_reg_addr "/>
</bind>
</comp>

<comp id="173" class="1005" name="zext_ln18_1_reg_173">
<pin_list>
<pin id="174" dir="0" index="0" bw="64" slack="1"/>
<pin id="175" dir="1" index="1" bw="64" slack="1"/>
</pin_list>
<bind>
<opset="zext_ln18_1 "/>
</bind>
</comp>

<comp id="178" class="1005" name="c1_addr_reg_178">
<pin_list>
<pin id="179" dir="0" index="0" bw="3" slack="1"/>
<pin id="180" dir="1" index="1" bw="3" slack="1"/>
</pin_list>
<bind>
<opset="c1_addr "/>
</bind>
</comp>

<comp id="183" class="1005" name="mul_ln22_reg_183">
<pin_list>
<pin id="184" dir="0" index="0" bw="32" slack="1"/>
<pin id="185" dir="1" index="1" bw="32" slack="1"/>
</pin_list>
<bind>
<opset="mul_ln22 "/>
</bind>
</comp>

<comp id="188" class="1005" name="shift_reg_load_reg_188">
<pin_list>
<pin id="189" dir="0" index="0" bw="32" slack="1"/>
<pin id="190" dir="1" index="1" bw="32" slack="1"/>
</pin_list>
<bind>
<opset="shift_reg_load "/>
</bind>
</comp>

<comp id="193" class="1005" name="c1_load_reg_193">
<pin_list>
<pin id="194" dir="0" index="0" bw="10" slack="1"/>
<pin id="195" dir="1" index="1" bw="10" slack="1"/>
</pin_list>
<bind>
<opset="c1_load "/>
</bind>
</comp>

<comp id="198" class="1005" name="mul_ln19_reg_198">
<pin_list>
<pin id="199" dir="0" index="0" bw="32" slack="1"/>
<pin id="200" dir="1" index="1" bw="32" slack="1"/>
</pin_list>
<bind>
<opset="mul_ln19 "/>
</bind>
</comp>

<comp id="203" class="1005" name="acc_reg_203">
<pin_list>
<pin id="204" dir="0" index="0" bw="32" slack="1"/>
<pin id="205" dir="1" index="1" bw="32" slack="1"/>
</pin_list>
<bind>
<opset="acc "/>
</bind>
</comp>

</comp_list>

<net_list>
<net id="40"><net_src comp="14" pin="0"/><net_sink comp="36" pin=0"/></net>

<net id="41"><net_src comp="2" pin="0"/><net_sink comp="36" pin=1"/></net>

<net id="47"><net_src comp="34" pin="0"/><net_sink comp="42" pin=0"/></net>

<net id="48"><net_src comp="0" pin="0"/><net_sink comp="42" pin=1"/></net>

<net id="54"><net_src comp="4" pin="0"/><net_sink comp="49" pin=0"/></net>

<net id="55"><net_src comp="28" pin="0"/><net_sink comp="49" pin=1"/></net>

<net id="61"><net_src comp="49" pin="3"/><net_sink comp="56" pin=0"/></net>

<net id="67"><net_src comp="6" pin="0"/><net_sink comp="62" pin=0"/></net>

<net id="68"><net_src comp="28" pin="0"/><net_sink comp="62" pin=1"/></net>

<net id="74"><net_src comp="62" pin="3"/><net_sink comp="69" pin=0"/></net>

<net id="75"><net_src comp="32" pin="0"/><net_sink comp="56" pin=0"/></net>

<net id="81"><net_src comp="4" pin="0"/><net_sink comp="76" pin=0"/></net>

<net id="82"><net_src comp="28" pin="0"/><net_sink comp="76" pin=1"/></net>

<net id="83"><net_src comp="56" pin="3"/><net_sink comp="56" pin=1"/></net>

<net id="84"><net_src comp="76" pin="3"/><net_sink comp="56" pin=0"/></net>

<net id="88"><net_src comp="16" pin="0"/><net_sink comp="85" pin=0"/></net>

<net id="95"><net_src comp="85" pin="1"/><net_sink comp="89" pin=0"/></net>

<net id="96"><net_src comp="89" pin="4"/><net_sink comp="85" pin=0"/></net>

<net id="100"><net_src comp="18" pin="0"/><net_sink comp="97" pin=0"/></net>

<net id="107"><net_src comp="97" pin="1"/><net_sink comp="101" pin=0"/></net>

<net id="112"><net_src comp="101" pin="4"/><net_sink comp="108" pin=0"/></net>

<net id="113"><net_src comp="20" pin="0"/><net_sink comp="108" pin=1"/></net>

<net id="118"><net_src comp="101" pin="4"/><net_sink comp="114" pin=0"/></net>

<net id="119"><net_src comp="26" pin="0"/><net_sink comp="114" pin=1"/></net>

<net id="123"><net_src comp="114" pin="2"/><net_sink comp="120" pin=0"/></net>

<net id="124"><net_src comp="120" pin="1"/><net_sink comp="49" pin=2"/></net>

<net id="128"><net_src comp="101" pin="4"/><net_sink comp="125" pin=0"/></net>

<net id="129"><net_src comp="125" pin="1"/><net_sink comp="62" pin=2"/></net>

<net id="134"><net_src comp="30" pin="0"/><net_sink comp="130" pin=1"/></net>

<net id="142"><net_src comp="135" pin="1"/><net_sink comp="138" pin=1"/></net>

<net id="147"><net_src comp="85" pin="1"/><net_sink comp="143" pin=1"/></net>

<net id="152"><net_src comp="85" pin="1"/><net_sink comp="148" pin=0"/></net>

<net id="153"><net_src comp="148" pin="2"/><net_sink comp="42" pin=2"/></net>

<net id="157"><net_src comp="36" pin="2"/><net_sink comp="154" pin=0"/></net>

<net id="158"><net_src comp="154" pin="1"/><net_sink comp="130" pin=0"/></net>

<net id="159"><net_src comp="154" pin="1"/><net_sink comp="56" pin=1"/></net>

<net id="166"><net_src comp="114" pin="2"/><net_sink comp="163" pin=0"/></net>

<net id="167"><net_src comp="163" pin="1"/><net_sink comp="101" pin=2"/></net>

<net id="171"><net_src comp="49" pin="3"/><net_sink comp="168" pin=0"/></net>

<net id="172"><net_src comp="168" pin="1"/><net_sink comp="56" pin=0"/></net>

<net id="176"><net_src comp="125" pin="1"/><net_sink comp="173" pin=0"/></net>

<net id="177"><net_src comp="173" pin="1"/><net_sink comp="76" pin=2"/></net>

<net id="181"><net_src comp="62" pin="3"/><net_sink comp="178" pin=0"/></net>

<net id="182"><net_src comp="178" pin="1"/><net_sink comp="69" pin=0"/></net>

<net id="186"><net_src comp="130" pin="2"/><net_sink comp="183" pin=0"/></net>

<net id="187"><net_src comp="183" pin="1"/><net_sink comp="148" pin=1"/></net>

<net id="191"><net_src comp="56" pin="3"/><net_sink comp="188" pin=0"/></net>

<net id="192"><net_src comp="188" pin="1"/><net_sink comp="138" pin=0"/></net>

<net id="196"><net_src comp="69" pin="3"/><net_sink comp="193" pin=0"/></net>

<net id="197"><net_src comp="193" pin="1"/><net_sink comp="135" pin=0"/></net>

<net id="201"><net_src comp="138" pin="2"/><net_sink comp="198" pin=0"/></net>

<net id="202"><net_src comp="198" pin="1"/><net_sink comp="143" pin=0"/></net>

<net id="206"><net_src comp="143" pin="2"/><net_sink comp="203" pin=0"/></net>

<net id="207"><net_src comp="203" pin="1"/><net_sink comp="89" pin=2"/></net>

</net_list>

</model> 
---------------- Datapath Model END ------------------

* FSMD analyzer results:
  - Output states:
	Port: output_r | {6 }
	Port: shift_reg | {2 3 }
 - Input state : 
	Port: fir : input_r | {1 }
	Port: fir : shift_reg | {2 3 }
	Port: fir : c1 | {2 3 }
  - Chain level:
	State 1
	State 2
		icmp_ln16 : 1
		br_ln16 : 2
		i : 1
		zext_ln18 : 2
		shift_reg_addr : 3
		shift_reg_load : 4
		zext_ln18_1 : 1
		c1_addr : 2
		c1_load : 3
	State 3
		store_ln18 : 1
	State 4
		mul_ln19 : 1
	State 5
	State 6
		write_ln25 : 1


============================================================
+ Verbose Summary: Datapath Resource usage 
============================================================

* Functional unit list:
|----------|------------------------|---------|---------|---------|
| Operation|     Functional Unit    |  DSP48E |    FF   |   LUT   |
|----------|------------------------|---------|---------|---------|
|          |        i_fu_114        |    0    |    0    |    12   |
|    add   |       acc_fu_143       |    0    |    0    |    39   |
|          |      acc_1_fu_148      |    0    |    0    |    39   |
|----------|------------------------|---------|---------|---------|
|    mul   |     mul_ln22_fu_130    |    2    |    0    |    20   |
|          |     mul_ln19_fu_138    |    2    |    0    |    20   |
|----------|------------------------|---------|---------|---------|
|   icmp   |    icmp_ln16_fu_108    |    0    |    0    |    9    |
|----------|------------------------|---------|---------|---------|
|   read   |  input_read_read_fu_36 |    0    |    0    |    0    |
|----------|------------------------|---------|---------|---------|
|   write  | write_ln25_write_fu_42 |    0    |    0    |    0    |
|----------|------------------------|---------|---------|---------|
|   zext   |    zext_ln18_fu_120    |    0    |    0    |    0    |
|          |   zext_ln18_1_fu_125   |    0    |    0    |    0    |
|----------|------------------------|---------|---------|---------|
|   sext   |    sext_ln19_fu_135    |    0    |    0    |    0    |
|----------|------------------------|---------|---------|---------|
|   Total  |                        |    4    |    0    |   139   |
|----------|------------------------|---------|---------|---------|

Memories:
+---------+--------+--------+--------+--------+
|         |  BRAM  |   FF   |   LUT  |  URAM  |
+---------+--------+--------+--------+--------+
|    c1   |    0   |   10   |    1   |    -   |
|shift_reg|    0   |   64   |    3   |    0   |
+---------+--------+--------+--------+--------+
|  Total  |    0   |   74   |    4   |    0   |
+---------+--------+--------+--------+--------+

* Register list:
+----------------------+--------+
|                      |   FF   |
+----------------------+--------+
|     acc_0_reg_85     |   32   |
|      acc_reg_203     |   32   |
|    c1_addr_reg_178   |    3   |
|    c1_load_reg_193   |   10   |
|      i_0_reg_97      |    3   |
|       i_reg_163      |    3   |
|  input_read_reg_154  |   32   |
|   mul_ln19_reg_198   |   32   |
|   mul_ln22_reg_183   |   32   |
|shift_reg_addr_reg_168|    3   |
|shift_reg_load_reg_188|   32   |
|  zext_ln18_1_reg_173 |   64   |
+----------------------+--------+
|         Total        |   278  |
+----------------------+--------+

* Multiplexer (MUX) list: 
|------------------|------|------|------|--------||---------||---------|
|       Comp       |  Pin | Size |  BW  | S x BW ||  Delay  ||   LUT   |
|------------------|------|------|------|--------||---------||---------|
| grp_access_fu_56 |  p0  |   4  |   3  |   12   ||    21   |
| grp_access_fu_56 |  p1  |   2  |  32  |   64   ||    9    |
| grp_access_fu_69 |  p0  |   2  |   3  |    6   ||    9    |
|   acc_0_reg_85   |  p0  |   2  |  32  |   64   ||    9    |
|------------------|------|------|------|--------||---------||---------|
|       Total      |      |      |      |   146  ||  7.1675 ||    48   |
|------------------|------|------|------|--------||---------||---------|



* Summary:
+-----------+--------+--------+--------+--------+--------+--------+
|           |  BRAM  | DSP48E |  Delay |   FF   |   LUT  |  URAM  |
+-----------+--------+--------+--------+--------+--------+--------+
|  Function |    -   |    4   |    -   |    0   |   139  |    -   |
|   Memory  |    0   |    -   |    -   |   74   |    4   |    0   |
|Multiplexer|    -   |    -   |    7   |    -   |   48   |    -   |
|  Register |    -   |    -   |    -   |   278  |    -   |    -   |
+-----------+--------+--------+--------+--------+--------+--------+
|   Total   |    0   |    4   |    7   |   352  |   191  |    0   |
+-----------+--------+--------+--------+--------+--------+--------+
