

================================================================
== Vivado HLS Report for 'fir'
================================================================
* Date:           Wed Dec 13 19:36:08 2023

* Version:        2019.1 (Build 2552052 on Fri May 24 15:28:33 MDT 2019)
* Project:        Code_Hoisting
* Solution:       solution1
* Product family: zynq
* Target device:  xc7z020-clg484-1


================================================================
== Performance Estimates
================================================================
+ Timing (ns): 
    * Summary: 
    +--------+-------+----------+------------+
    |  Clock | Target| Estimated| Uncertainty|
    +--------+-------+----------+------------+
    |ap_clk  |  10.00|     8.510|        1.25|
    +--------+-------+----------+------------+

+ Latency (clock cycles): 
    * Summary: 
    +-----+-----+-----+-----+---------+
    |  Latency  |  Interval | Pipeline|
    | min | max | min | max |   Type  |
    +-----+-----+-----+-----+---------+
    |   22|   22|   22|   22|   none  |
    +-----+-----+-----+-----+---------+

    + Detail: 
        * Instance: 
        N/A

        * Loop: 
        +----------+-----+-----+----------+-----------+-----------+------+----------+
        |          |  Latency  | Iteration|  Initiation Interval  | Trip |          |
        | Loop Name| min | max |  Latency |  achieved |   target  | Count| Pipelined|
        +----------+-----+-----+----------+-----------+-----------+------+----------+
        |- Loop 1  |   20|   20|         4|          -|          -|     5|    no    |
        +----------+-----+-----+----------+-----------+-----------+------+----------+

============================================================
+ Verbose Summary: Synthesis Manager
============================================================
InlineROM: 1
ExposeGlobal: 0
============================================================
+ Verbose Summary: CDFG Model
============================================================
IsTopModel: 1
ResetActiveHigh: 1
IsCombinational: 0
IsDatapathOnly: 0
HasWiredReturn: 1
HasMFsm: 0
HasVarLatency: 1
IsPipeline: 0
IsRtlPipelined: 0
IsInstanceOverlapped: 0
IsDontTouch: 0
HasImplIP: 0
IsGatedGlobalClock: 0


============================================================
+ Verbose Summary: Schedule
============================================================
* Number of FSM states : 6
* Pipeline : 0
* Dataflow Pipeline: 0

* FSM state transitions: 
1 --> 2 
2 --> 3 6 
3 --> 4 
4 --> 5 
5 --> 2 
6 --> 

* FSM state operations: 

State 1 <SV = 0> <Delay = 1.76>
ST_1 : Operation 7 [1/1] (0.00ns)   --->   "call void (...)* @_ssdm_op_SpecBitsMap(i32* %output_r) nounwind, !map !7"   --->   Operation 7 'specbitsmap' <Predicate = true> <Delay = 0.00>
ST_1 : Operation 8 [1/1] (0.00ns)   --->   "call void (...)* @_ssdm_op_SpecBitsMap(i32 %input_r) nounwind, !map !13"   --->   Operation 8 'specbitsmap' <Predicate = true> <Delay = 0.00>
ST_1 : Operation 9 [1/1] (0.00ns)   --->   "call void (...)* @_ssdm_op_SpecTopModule([4 x i8]* @fir_str) nounwind"   --->   Operation 9 'spectopmodule' <Predicate = true> <Delay = 0.00>
ST_1 : Operation 10 [1/1] (0.00ns)   --->   "%input_read = call i32 @_ssdm_op_Read.ap_auto.i32(i32 %input_r) nounwind" [Code_Hoisting/top.cpp:9]   --->   Operation 10 'read' 'input_read' <Predicate = true> <Delay = 0.00>
ST_1 : Operation 11 [1/1] (1.76ns)   --->   "br label %1" [Code_Hoisting/top.cpp:16]   --->   Operation 11 'br' <Predicate = true> <Delay = 1.76>

State 2 <SV = 1> <Delay = 8.51>
ST_2 : Operation 12 [1/1] (0.00ns)   --->   "%acc_0 = phi i32 [ 0, %0 ], [ %acc, %2 ]"   --->   Operation 12 'phi' 'acc_0' <Predicate = true> <Delay = 0.00>
ST_2 : Operation 13 [1/1] (0.00ns)   --->   "%i_0 = phi i3 [ -3, %0 ], [ %i, %2 ]"   --->   Operation 13 'phi' 'i_0' <Predicate = true> <Delay = 0.00>
ST_2 : Operation 14 [1/1] (1.13ns)   --->   "%icmp_ln16 = icmp eq i3 %i_0, 0" [Code_Hoisting/top.cpp:16]   --->   Operation 14 'icmp' 'icmp_ln16' <Predicate = true> <Delay = 1.13> <Core = "Cmp">   --->   Core 25 'Cmp' <Latency = 0> <II = 1> <Delay = 1.13> <FuncUnit> <Opcode : 'icmp'> <InPorts = 2> <OutPorts = 1>
ST_2 : Operation 15 [1/1] (0.00ns)   --->   "%empty = call i32 (...)* @_ssdm_op_SpecLoopTripCount(i64 5, i64 5, i64 5) nounwind"   --->   Operation 15 'speclooptripcount' 'empty' <Predicate = true> <Delay = 0.00>
ST_2 : Operation 16 [1/1] (0.00ns)   --->   "br i1 %icmp_ln16, label %3, label %2" [Code_Hoisting/top.cpp:16]   --->   Operation 16 'br' <Predicate = true> <Delay = 0.00>
ST_2 : Operation 17 [1/1] (1.65ns)   --->   "%i = add i3 %i_0, -1" [Code_Hoisting/top.cpp:18]   --->   Operation 17 'add' 'i' <Predicate = (!icmp_ln16)> <Delay = 1.65> <Core = "AddSub">   --->   Core 14 'AddSub' <Latency = 0> <II = 1> <Delay = 2.55> <FuncUnit> <Opcode : 'add' 'sub'> <InPorts = 2> <OutPorts = 1>
ST_2 : Operation 18 [1/1] (0.00ns)   --->   "%zext_ln18 = zext i3 %i to i64" [Code_Hoisting/top.cpp:18]   --->   Operation 18 'zext' 'zext_ln18' <Predicate = (!icmp_ln16)> <Delay = 0.00>
ST_2 : Operation 19 [1/1] (0.00ns)   --->   "%shift_reg_addr = getelementptr inbounds [6 x i32]* @shift_reg, i64 0, i64 %zext_ln18" [Code_Hoisting/top.cpp:18]   --->   Operation 19 'getelementptr' 'shift_reg_addr' <Predicate = (!icmp_ln16)> <Delay = 0.00>
ST_2 : Operation 20 [2/2] (2.32ns)   --->   "%shift_reg_load = load i32* %shift_reg_addr, align 4" [Code_Hoisting/top.cpp:18]   --->   Operation 20 'load' 'shift_reg_load' <Predicate = (!icmp_ln16)> <Delay = 2.32> <Core = "RAM">   --->   Core 37 'RAM' <Latency = 1> <II = 1> <Delay = 2.32> <Storage> <Opcode : 'load' 'store'> <Ports = 2> <Width = 32> <Depth = 6> <RAM>
ST_2 : Operation 21 [1/1] (0.00ns)   --->   "%zext_ln18_1 = zext i3 %i_0 to i64" [Code_Hoisting/top.cpp:18]   --->   Operation 21 'zext' 'zext_ln18_1' <Predicate = (!icmp_ln16)> <Delay = 0.00>
ST_2 : Operation 22 [1/1] (0.00ns)   --->   "%c1_addr = getelementptr [6 x i10]* @c1, i64 0, i64 %zext_ln18_1" [Code_Hoisting/top.cpp:19]   --->   Operation 22 'getelementptr' 'c1_addr' <Predicate = (!icmp_ln16)> <Delay = 0.00>
ST_2 : Operation 23 [2/2] (3.25ns)   --->   "%c1_load = load i10* %c1_addr, align 2" [Code_Hoisting/top.cpp:19]   --->   Operation 23 'load' 'c1_load' <Predicate = (!icmp_ln16)> <Delay = 3.25> <Core = "ROM_nP">   --->   Core 52 'ROM_nP' <Latency = 1> <II = 1> <Delay = 3.25> <Storage> <Opcode : 'load'> <Ports = 0> <Width = 10> <Depth = 6> <ROM>
ST_2 : Operation 24 [1/1] (8.51ns)   --->   "%mul_ln22 = mul nsw i32 %input_read, 53" [Code_Hoisting/top.cpp:22]   --->   Operation 24 'mul' 'mul_ln22' <Predicate = (icmp_ln16)> <Delay = 8.51> <Core = "Mul">   --->   Core 16 'Mul' <Latency = 0> <II = 1> <Delay = 8.51> <FuncUnit> <Opcode : 'mul'> <InPorts = 2> <OutPorts = 1>
ST_2 : Operation 25 [1/1] (2.32ns)   --->   "store i32 %input_read, i32* getelementptr inbounds ([6 x i32]* @shift_reg, i64 0, i64 0), align 16" [Code_Hoisting/top.cpp:23]   --->   Operation 25 'store' <Predicate = (icmp_ln16)> <Delay = 2.32> <Core = "RAM">   --->   Core 37 'RAM' <Latency = 1> <II = 1> <Delay = 2.32> <Storage> <Opcode : 'load' 'store'> <Ports = 2> <Width = 32> <Depth = 6> <RAM>

State 3 <SV = 2> <Delay = 4.64>
ST_3 : Operation 26 [1/2] (2.32ns)   --->   "%shift_reg_load = load i32* %shift_reg_addr, align 4" [Code_Hoisting/top.cpp:18]   --->   Operation 26 'load' 'shift_reg_load' <Predicate = true> <Delay = 2.32> <Core = "RAM">   --->   Core 37 'RAM' <Latency = 1> <II = 1> <Delay = 2.32> <Storage> <Opcode : 'load' 'store'> <Ports = 2> <Width = 32> <Depth = 6> <RAM>
ST_3 : Operation 27 [1/1] (0.00ns)   --->   "%shift_reg_addr_1 = getelementptr inbounds [6 x i32]* @shift_reg, i64 0, i64 %zext_ln18_1" [Code_Hoisting/top.cpp:18]   --->   Operation 27 'getelementptr' 'shift_reg_addr_1' <Predicate = true> <Delay = 0.00>
ST_3 : Operation 28 [1/1] (2.32ns)   --->   "store i32 %shift_reg_load, i32* %shift_reg_addr_1, align 4" [Code_Hoisting/top.cpp:18]   --->   Operation 28 'store' <Predicate = true> <Delay = 2.32> <Core = "RAM">   --->   Core 37 'RAM' <Latency = 1> <II = 1> <Delay = 2.32> <Storage> <Opcode : 'load' 'store'> <Ports = 2> <Width = 32> <Depth = 6> <RAM>
ST_3 : Operation 29 [1/2] (3.25ns)   --->   "%c1_load = load i10* %c1_addr, align 2" [Code_Hoisting/top.cpp:19]   --->   Operation 29 'load' 'c1_load' <Predicate = true> <Delay = 3.25> <Core = "ROM_nP">   --->   Core 52 'ROM_nP' <Latency = 1> <II = 1> <Delay = 3.25> <Storage> <Opcode : 'load'> <Ports = 0> <Width = 10> <Depth = 6> <ROM>

State 4 <SV = 3> <Delay = 8.51>
ST_4 : Operation 30 [1/1] (0.00ns)   --->   "%sext_ln19 = sext i10 %c1_load to i32" [Code_Hoisting/top.cpp:19]   --->   Operation 30 'sext' 'sext_ln19' <Predicate = true> <Delay = 0.00>
ST_4 : Operation 31 [1/1] (8.51ns)   --->   "%mul_ln19 = mul nsw i32 %shift_reg_load, %sext_ln19" [Code_Hoisting/top.cpp:19]   --->   Operation 31 'mul' 'mul_ln19' <Predicate = true> <Delay = 8.51> <Core = "Mul">   --->   Core 16 'Mul' <Latency = 0> <II = 1> <Delay = 8.51> <FuncUnit> <Opcode : 'mul'> <InPorts = 2> <OutPorts = 1>

State 5 <SV = 4> <Delay = 2.55>
ST_5 : Operation 32 [1/1] (2.55ns)   --->   "%acc = add nsw i32 %mul_ln19, %acc_0" [Code_Hoisting/top.cpp:19]   --->   Operation 32 'add' 'acc' <Predicate = true> <Delay = 2.55> <Core = "AddSub">   --->   Core 14 'AddSub' <Latency = 0> <II = 1> <Delay = 2.55> <FuncUnit> <Opcode : 'add' 'sub'> <InPorts = 2> <OutPorts = 1>
ST_5 : Operation 33 [1/1] (0.00ns)   --->   "br label %1" [Code_Hoisting/top.cpp:16]   --->   Operation 33 'br' <Predicate = true> <Delay = 0.00>

State 6 <SV = 2> <Delay = 2.55>
ST_6 : Operation 34 [1/1] (2.55ns)   --->   "%acc_1 = add nsw i32 %acc_0, %mul_ln22" [Code_Hoisting/top.cpp:22]   --->   Operation 34 'add' 'acc_1' <Predicate = true> <Delay = 2.55> <Core = "AddSub">   --->   Core 14 'AddSub' <Latency = 0> <II = 1> <Delay = 2.55> <FuncUnit> <Opcode : 'add' 'sub'> <InPorts = 2> <OutPorts = 1>
ST_6 : Operation 35 [1/1] (0.00ns)   --->   "call void @_ssdm_op_Write.ap_auto.i32P(i32* %output_r, i32 %acc_1) nounwind" [Code_Hoisting/top.cpp:25]   --->   Operation 35 'write' <Predicate = true> <Delay = 0.00>
ST_6 : Operation 36 [1/1] (0.00ns)   --->   "ret void" [Code_Hoisting/top.cpp:26]   --->   Operation 36 'ret' <Predicate = true> <Delay = 0.00>


============================================================
+ Verbose Summary: Timing violations
============================================================
Target clock period: 10ns, clock uncertainty: 1.25ns.

 <State 1>: 1.77ns
The critical path consists of the following:
	multiplexor before 'phi' operation ('acc') with incoming values : ('acc', Code_Hoisting/top.cpp:19) [11]  (1.77 ns)

 <State 2>: 8.51ns
The critical path consists of the following:
	'mul' operation ('mul_ln22', Code_Hoisting/top.cpp:22) [31]  (8.51 ns)

 <State 3>: 4.64ns
The critical path consists of the following:
	'load' operation ('shift_reg_load', Code_Hoisting/top.cpp:18) on array 'shift_reg' [20]  (2.32 ns)
	'store' operation ('store_ln18', Code_Hoisting/top.cpp:18) of variable 'shift_reg_load', Code_Hoisting/top.cpp:18 on array 'shift_reg' [23]  (2.32 ns)

 <State 4>: 8.51ns
The critical path consists of the following:
	'mul' operation ('mul_ln19', Code_Hoisting/top.cpp:19) [27]  (8.51 ns)

 <State 5>: 2.55ns
The critical path consists of the following:
	'add' operation ('acc', Code_Hoisting/top.cpp:19) [28]  (2.55 ns)

 <State 6>: 2.55ns
The critical path consists of the following:
	'add' operation ('acc', Code_Hoisting/top.cpp:22) [32]  (2.55 ns)


============================================================
+ Verbose Summary: Binding
============================================================
N/A
* FSMD analyzer results:
  - Output states:
 - Input state : 
  - Chain level:
	State 1
	State 2
	State 3
	State 4
	State 5
	State 6


============================================================
+ Verbose Summary: Datapath Resource usage 
============================================================
N/A
